# JRE version: Java(TM) SE Runtime Environment (7.0_79-b15) (build 1.7.0_79-b15)
# Java VM: Java HotSpot(TM) Client VM (24.79-b02 mixed mode windows-x86 )
Heap
 def new generation   total 17856K, used 13436K [0x03a00000, 0x04d60000, 0x0e4a0000)
  eden space 15872K,  78% used [0x03a00000, 0x0462e050, 0x04980000)
  from space 1984K,  48% used [0x04b70000, 0x04c613a0, 0x04d60000)
  to   space 1984K,   0% used [0x04980000, 0x04980000, 0x04b70000)
 tenured generation   total 39532K, used 23718K [0x0e4a0000, 0x10b3b000, 0x23a00000)
   the space 39532K,  59% used [0x0e4a0000, 0x0fbc98e0, 0x0fbc9a00, 0x10b3b000)
 compacting perm gen  total 36352K, used 36167K [0x23a00000, 0x25d80000, 0x27a00000)
   the space 36352K,  99% used [0x23a00000, 0x25d51d10, 0x25d51e00, 0x25d80000)
GC Heap History (10 events):
Event: 196.024 GC heap before
{Heap before GC invocations=162 (full 6):
 def new generation   total 17280K, used 16522K [0x03a00000, 0x04cc0000, 0x0e4a0000)
  eden space 15360K, 100% used [0x03a00000, 0x04900000, 0x04900000)
  from space 1920K,  60% used [0x04ae0000, 0x04c02b10, 0x04cc0000)
  to   space 1920K,   0% used [0x04900000, 0x04900000, 0x04ae0000)
 tenured generation   total 38304K, used 23107K [0x0e4a0000, 0x10a08000, 0x23a00000)
   the space 38304K,  60% used [0x0e4a0000, 0x0fb30d40, 0x0fb30e00, 0x10a08000)
 compacting perm gen  total 34304K, used 34063K [0x23a00000, 0x25b80000, 0x27a00000)
   the space 34304K,  99% used [0x23a00000, 0x25b43c88, 0x25b43e00, 0x25b80000)
No shared spaces configured.
Event: 196.029 GC heap after
Heap after GC invocations=163 (full 6):
 def new generation   total 17280K, used 1319K [0x03a00000, 0x04cc0000, 0x0e4a0000)
  eden space 15360K,   0% used [0x03a00000, 0x03a00000, 0x04900000)
  from space 1920K,  68% used [0x04900000, 0x04a49ef0, 0x04ae0000)
  to   space 1920K,   0% used [0x04ae0000, 0x04ae0000, 0x04cc0000)
 tenured generation   total 38304K, used 23353K [0x0e4a0000, 0x10a08000, 0x23a00000)
   the space 38304K,  60% used [0x0e4a0000, 0x0fb6e5e0, 0x0fb6e600, 0x10a08000)
 compacting perm gen  total 34304K, used 34063K [0x23a00000, 0x25b80000, 0x27a00000)
   the space 34304K,  99% used [0x23a00000, 0x25b43c88, 0x25b43e00, 0x25b80000)
No shared spaces configured.
}
Event: 196.300 GC heap before
{Heap before GC invocations=163 (full 6):
 def new generation   total 17280K, used 16679K [0x03a00000, 0x04cc0000, 0x0e4a0000)
  eden space 15360K, 100% used [0x03a00000, 0x04900000, 0x04900000)
  from space 1920K,  68% used [0x04900000, 0x04a49ef0, 0x04ae0000)
  to   space 1920K,   0% used [0x04ae0000, 0x04ae0000, 0x04cc0000)
 tenured generation   total 38304K, used 23353K [0x0e4a0000, 0x10a08000, 0x23a00000)
   the space 38304K,  60% used [0x0e4a0000, 0x0fb6e5e0, 0x0fb6e600, 0x10a08000)
 compacting perm gen  total 34816K, used 34580K [0x23a00000, 0x25c00000, 0x27a00000)
   the space 34816K,  99% used [0x23a00000, 0x25bc50b0, 0x25bc5200, 0x25c00000)
No shared spaces configured.
Event: 196.304 GC heap after
Heap after GC invocations=164 (full 6):
 def new generation   total 17280K, used 860K [0x03a00000, 0x04cc0000, 0x0e4a0000)
  eden space 15360K,   0% used [0x03a00000, 0x03a00000, 0x04900000)
  from space 1920K,  44% used [0x04ae0000, 0x04bb73e0, 0x04cc0000)
  to   space 1920K,   0% used [0x04900000, 0x04900000, 0x04ae0000)
 tenured generation   total 38304K, used 23526K [0x0e4a0000, 0x10a08000, 0x23a00000)
   the space 38304K,  61% used [0x0e4a0000, 0x0fb99ad8, 0x0fb99c00, 0x10a08000)
 compacting perm gen  total 34816K, used 34580K [0x23a00000, 0x25c00000, 0x27a00000)
   the space 34816K,  99% used [0x23a00000, 0x25bc50b0, 0x25bc5200, 0x25c00000)
No shared spaces configured.
}
Event: 196.625 GC heap before
{Heap before GC invocations=164 (full 6):
 def new generation   total 17280K, used 16220K [0x03a00000, 0x04cc0000, 0x0e4a0000)
  eden space 15360K, 100% used [0x03a00000, 0x04900000, 0x04900000)
  from space 1920K,  44% used [0x04ae0000, 0x04bb73e0, 0x04cc0000)
  to   space 1920K,   0% used [0x04900000, 0x04900000, 0x04ae0000)
 tenured generation   total 38304K, used 23526K [0x0e4a0000, 0x10a08000, 0x23a00000)
   the space 38304K,  61% used [0x0e4a0000, 0x0fb99ad8, 0x0fb99c00, 0x10a08000)
 compacting perm gen  total 35328K, used 35289K [0x23a00000, 0x25c80000, 0x27a00000)
   the space 35328K,  99% used [0x23a00000, 0x25c76570, 0x25c76600, 0x25c80000)
No shared spaces configured.
Event: 196.628 GC heap after
Heap after GC invocations=165 (full 6):
 def new generation   total 17280K, used 1042K [0x03a00000, 0x04cc0000, 0x0e4a0000)
  eden space 15360K,   0% used [0x03a00000, 0x03a00000, 0x04900000)
  from space 1920K,  54% used [0x04900000, 0x04a04910, 0x04ae0000)
  to   space 1920K,   0% used [0x04ae0000, 0x04ae0000, 0x04cc0000)
 tenured generation   total 38304K, used 23526K [0x0e4a0000, 0x10a08000, 0x23a00000)
   the space 38304K,  61% used [0x0e4a0000, 0x0fb99ad8, 0x0fb99c00, 0x10a08000)
 compacting perm gen  total 35328K, used 35289K [0x23a00000, 0x25c80000, 0x27a00000)
   the space 35328K,  99% used [0x23a00000, 0x25c76570, 0x25c76600, 0x25c80000)
No shared spaces configured.
}
Event: 304.877 GC heap before
{Heap before GC invocations=165 (full 6):
 def new generation   total 17280K, used 11591K [0x03a00000, 0x04cc0000, 0x0e4a0000)
  eden space 15360K,  68% used [0x03a00000, 0x0444d328, 0x04900000)
  from space 1920K,  54% used [0x04900000, 0x04a04910, 0x04ae0000)
  to   space 1920K,   0% used [0x04ae0000, 0x04ae0000, 0x04cc0000)
 tenured generation   total 38304K, used 23526K [0x0e4a0000, 0x10a08000, 0x23a00000)
   the space 38304K,  61% used [0x0e4a0000, 0x0fb99ad8, 0x0fb99c00, 0x10a08000)
 compacting perm gen  total 35584K, used 35584K [0x23a00000, 0x25cc0000, 0x27a00000)
   the space 35584K, 100% used [0x23a00000, 0x25cc0000, 0x25cc0000, 0x25cc0000)
No shared spaces configured.
Event: 305.004 GC heap after
Heap after GC invocations=166 (full 7):
 def new generation   total 17856K, used 0K [0x03a00000, 0x04d60000, 0x0e4a0000)
  eden space 15872K,   0% used [0x03a00000, 0x03a00000, 0x04980000)
  from space 1984K,   0% used [0x04980000, 0x04980000, 0x04b70000)
  to   space 1984K,   0% used [0x04b70000, 0x04b70000, 0x04d60000)
 tenured generation   total 39532K, used 23718K [0x0e4a0000, 0x10b3b000, 0x23a00000)
   the space 39532K,  59% used [0x0e4a0000, 0x0fbc98e0, 0x0fbc9a00, 0x10b3b000)
 compacting perm gen  total 35584K, used 35584K [0x23a00000, 0x25cc0000, 0x27a00000)
   the space 35584K, 100% used [0x23a00000, 0x25cc0000, 0x25cc0000, 0x25cc0000)
No shared spaces configured.
}
Event: 550.201 GC heap before
{Heap before GC invocations=166 (full 7):
 def new generation   total 17856K, used 15872K [0x03a00000, 0x04d60000, 0x0e4a0000)
  eden space 15872K, 100% used [0x03a00000, 0x04980000, 0x04980000)
  from space 1984K,   0% used [0x04980000, 0x04980000, 0x04b70000)
  to   space 1984K,   0% used [0x04b70000, 0x04b70000, 0x04d60000)
 tenured generation   total 39532K, used 23718K [0x0e4a0000, 0x10b3b000, 0x23a00000)
   the space 39532K,  59% used [0x0e4a0000, 0x0fbc98e0, 0x0fbc9a00, 0x10b3b000)
 compacting perm gen  total 36352K, used 36099K [0x23a00000, 0x25d80000, 0x27a00000)
   the space 36352K,  99% used [0x23a00000, 0x25d40e28, 0x25d41000, 0x25d80000)
No shared spaces configured.
Event: 550.204 GC heap after
Heap after GC invocations=167 (full 7):
 def new generation   total 17856K, used 964K [0x03a00000, 0x04d60000, 0x0e4a0000)
  eden space 15872K,   0% used [0x03a00000, 0x03a00000, 0x04980000)
  from space 1984K,  48% used [0x04b70000, 0x04c613a0, 0x04d60000)
  to   space 1984K,   0% used [0x04980000, 0x04980000, 0x04b70000)
 tenured generation   total 39532K, used 23718K [0x0e4a0000, 0x10b3b000, 0x23a00000)
   the space 39532K,  59% used [0x0e4a0000, 0x0fbc98e0, 0x0fbc9a00, 0x10b3b000)
 compacting perm gen  total 36352K, used 36099K [0x23a00000, 0x25d80000, 0x27a00000)
   the space 36352K,  99% used [0x23a00000, 0x25d40e28, 0x25d41000, 0x25d80000)
No shared spaces configured.
}

