# JRE version: Java(TM) SE Runtime Environment (7.0_79-b15) (build 1.7.0_79-b15)
# Java VM: Java HotSpot(TM) Client VM (24.79-b02 mixed mode windows-x86 )
Heap
 def new generation   total 20864K, used 12043K [0x03e00000, 0x054a0000, 0x0e8a0000)
  eden space 18560K,  62% used [0x03e00000, 0x04955838, 0x05020000)
  from space 2304K,  19% used [0x05260000, 0x052cd728, 0x054a0000)
  to   space 2304K,   0% used [0x05020000, 0x05020000, 0x05260000)
 tenured generation   total 46280K, used 33718K [0x0e8a0000, 0x115d2000, 0x23e00000)
   the space 46280K,  72% used [0x0e8a0000, 0x1098dba0, 0x1098dc00, 0x115d2000)
 compacting perm gen  total 36608K, used 36426K [0x23e00000, 0x261c0000, 0x27e00000)
   the space 36608K,  99% used [0x23e00000, 0x26192be8, 0x26192c00, 0x261c0000)
GC Heap History (10 events):
Event: 6006.095 GC heap before
{Heap before GC invocations=444 (full 7):
 def new generation   total 20864K, used 19073K [0x03e00000, 0x054a0000, 0x0e8a0000)
  eden space 18560K, 100% used [0x03e00000, 0x05020000, 0x05020000)
  from space 2304K,  22% used [0x05020000, 0x050a0798, 0x05260000)
  to   space 2304K,   0% used [0x05260000, 0x05260000, 0x054a0000)
 tenured generation   total 46280K, used 33527K [0x0e8a0000, 0x115d2000, 0x23e00000)
   the space 46280K,  72% used [0x0e8a0000, 0x1095dc98, 0x1095de00, 0x115d2000)
 compacting perm gen  total 36352K, used 36140K [0x23e00000, 0x26180000, 0x27e00000)
   the space 36352K,  99% used [0x23e00000, 0x2614b2e8, 0x2614b400, 0x26180000)
No shared spaces configured.
Event: 6006.098 GC heap after
Heap after GC invocations=445 (full 7):
 def new generation   total 20864K, used 474K [0x03e00000, 0x054a0000, 0x0e8a0000)
  eden space 18560K,   0% used [0x03e00000, 0x03e00000, 0x05020000)
  from space 2304K,  20% used [0x05260000, 0x052d6a10, 0x054a0000)
  to   space 2304K,   0% used [0x05020000, 0x05020000, 0x05260000)
 tenured generation   total 46280K, used 33566K [0x0e8a0000, 0x115d2000, 0x23e00000)
   the space 46280K,  72% used [0x0e8a0000, 0x10967bc0, 0x10967c00, 0x115d2000)
 compacting perm gen  total 36352K, used 36140K [0x23e00000, 0x26180000, 0x27e00000)
   the space 36352K,  99% used [0x23e00000, 0x2614b2e8, 0x2614b400, 0x26180000)
No shared spaces configured.
}
Event: 6006.400 GC heap before
{Heap before GC invocations=445 (full 7):
 def new generation   total 20864K, used 19034K [0x03e00000, 0x054a0000, 0x0e8a0000)
  eden space 18560K, 100% used [0x03e00000, 0x05020000, 0x05020000)
  from space 2304K,  20% used [0x05260000, 0x052d6a10, 0x054a0000)
  to   space 2304K,   0% used [0x05020000, 0x05020000, 0x05260000)
 tenured generation   total 46280K, used 33566K [0x0e8a0000, 0x115d2000, 0x23e00000)
   the space 46280K,  72% used [0x0e8a0000, 0x10967bc0, 0x10967c00, 0x115d2000)
 compacting perm gen  total 36352K, used 36140K [0x23e00000, 0x26180000, 0x27e00000)
   the space 36352K,  99% used [0x23e00000, 0x2614b2e8, 0x2614b400, 0x26180000)
No shared spaces configured.
Event: 6006.402 GC heap after
Heap after GC invocations=446 (full 7):
 def new generation   total 20864K, used 434K [0x03e00000, 0x054a0000, 0x0e8a0000)
  eden space 18560K,   0% used [0x03e00000, 0x03e00000, 0x05020000)
  from space 2304K,  18% used [0x05020000, 0x0508c840, 0x05260000)
  to   space 2304K,   0% used [0x05260000, 0x05260000, 0x054a0000)
 tenured generation   total 46280K, used 33606K [0x0e8a0000, 0x115d2000, 0x23e00000)
   the space 46280K,  72% used [0x0e8a0000, 0x10971b30, 0x10971c00, 0x115d2000)
 compacting perm gen  total 36352K, used 36140K [0x23e00000, 0x26180000, 0x27e00000)
   the space 36352K,  99% used [0x23e00000, 0x2614b2e8, 0x2614b400, 0x26180000)
No shared spaces configured.
}
Event: 6006.751 GC heap before
{Heap before GC invocations=446 (full 7):
 def new generation   total 20864K, used 18994K [0x03e00000, 0x054a0000, 0x0e8a0000)
  eden space 18560K, 100% used [0x03e00000, 0x05020000, 0x05020000)
  from space 2304K,  18% used [0x05020000, 0x0508c840, 0x05260000)
  to   space 2304K,   0% used [0x05260000, 0x05260000, 0x054a0000)
 tenured generation   total 46280K, used 33606K [0x0e8a0000, 0x115d2000, 0x23e00000)
   the space 46280K,  72% used [0x0e8a0000, 0x10971b30, 0x10971c00, 0x115d2000)
 compacting perm gen  total 36352K, used 36140K [0x23e00000, 0x26180000, 0x27e00000)
   the space 36352K,  99% used [0x23e00000, 0x2614b2e8, 0x2614b400, 0x26180000)
No shared spaces configured.
Event: 6006.753 GC heap after
Heap after GC invocations=447 (full 7):
 def new generation   total 20864K, used 394K [0x03e00000, 0x054a0000, 0x0e8a0000)
  eden space 18560K,   0% used [0x03e00000, 0x03e00000, 0x05020000)
  from space 2304K,  17% used [0x05260000, 0x052c28a8, 0x054a0000)
  to   space 2304K,   0% used [0x05020000, 0x05020000, 0x05260000)
 tenured generation   total 46280K, used 33646K [0x0e8a0000, 0x115d2000, 0x23e00000)
   the space 46280K,  72% used [0x0e8a0000, 0x1097ba88, 0x1097bc00, 0x115d2000)
 compacting perm gen  total 36352K, used 36140K [0x23e00000, 0x26180000, 0x27e00000)
   the space 36352K,  99% used [0x23e00000, 0x2614b2e8, 0x2614b400, 0x26180000)
No shared spaces configured.
}
Event: 6007.076 GC heap before
{Heap before GC invocations=447 (full 7):
 def new generation   total 20864K, used 18954K [0x03e00000, 0x054a0000, 0x0e8a0000)
  eden space 18560K, 100% used [0x03e00000, 0x05020000, 0x05020000)
  from space 2304K,  17% used [0x05260000, 0x052c28a8, 0x054a0000)
  to   space 2304K,   0% used [0x05020000, 0x05020000, 0x05260000)
 tenured generation   total 46280K, used 33646K [0x0e8a0000, 0x115d2000, 0x23e00000)
   the space 46280K,  72% used [0x0e8a0000, 0x1097ba88, 0x1097bc00, 0x115d2000)
 compacting perm gen  total 36352K, used 36140K [0x23e00000, 0x26180000, 0x27e00000)
   the space 36352K,  99% used [0x23e00000, 0x2614b2e8, 0x2614b400, 0x26180000)
No shared spaces configured.
Event: 6007.079 GC heap after
Heap after GC invocations=448 (full 7):
 def new generation   total 20864K, used 353K [0x03e00000, 0x054a0000, 0x0e8a0000)
  eden space 18560K,   0% used [0x03e00000, 0x03e00000, 0x05020000)
  from space 2304K,  15% used [0x05020000, 0x050786d0, 0x05260000)
  to   space 2304K,   0% used [0x05260000, 0x05260000, 0x054a0000)
 tenured generation   total 46280K, used 33686K [0x0e8a0000, 0x115d2000, 0x23e00000)
   the space 46280K,  72% used [0x0e8a0000, 0x10985a40, 0x10985c00, 0x115d2000)
 compacting perm gen  total 36352K, used 36140K [0x23e00000, 0x26180000, 0x27e00000)
   the space 36352K,  99% used [0x23e00000, 0x2614b2e8, 0x2614b400, 0x26180000)
No shared spaces configured.
}
Event: 6039.179 GC heap before
{Heap before GC invocations=448 (full 7):
 def new generation   total 20864K, used 18913K [0x03e00000, 0x054a0000, 0x0e8a0000)
  eden space 18560K, 100% used [0x03e00000, 0x05020000, 0x05020000)
  from space 2304K,  15% used [0x05020000, 0x050786d0, 0x05260000)
  to   space 2304K,   0% used [0x05260000, 0x05260000, 0x054a0000)
 tenured generation   total 46280K, used 33686K [0x0e8a0000, 0x115d2000, 0x23e00000)
   the space 46280K,  72% used [0x0e8a0000, 0x10985a40, 0x10985c00, 0x115d2000)
 compacting perm gen  total 36352K, used 36160K [0x23e00000, 0x26180000, 0x27e00000)
   the space 36352K,  99% used [0x23e00000, 0x261500b0, 0x26150200, 0x26180000)
No shared spaces configured.
Event: 6039.192 GC heap after
Heap after GC invocations=449 (full 7):
 def new generation   total 20864K, used 437K [0x03e00000, 0x054a0000, 0x0e8a0000)
  eden space 18560K,   0% used [0x03e00000, 0x03e00000, 0x05020000)
  from space 2304K,  19% used [0x05260000, 0x052cd728, 0x054a0000)
  to   space 2304K,   0% used [0x05020000, 0x05020000, 0x05260000)
 tenured generation   total 46280K, used 33718K [0x0e8a0000, 0x115d2000, 0x23e00000)
   the space 46280K,  72% used [0x0e8a0000, 0x1098dba0, 0x1098dc00, 0x115d2000)
 compacting perm gen  total 36352K, used 36160K [0x23e00000, 0x26180000, 0x27e00000)
   the space 36352K,  99% used [0x23e00000, 0x261500b0, 0x26150200, 0x26180000)
No shared spaces configured.
}

